[debug] [2020-04-17T07:44:49.531Z] ----------------------------------------------------------------------
[debug] [2020-04-17T07:44:49.533Z] Command:       /Users/Kou/.nvm/v10.15.1/bin/node /Users/Kou/.nvm/v10.15.1/bin/firebase serve --only functions --only functions
[debug] [2020-04-17T07:44:49.534Z] CLI Version:   7.6.2
[debug] [2020-04-17T07:44:49.534Z] Platform:      darwin
[debug] [2020-04-17T07:44:49.534Z] Node Version:  v10.15.1
[debug] [2020-04-17T07:44:49.534Z] Time:          Fri Apr 17 2020 16:44:49 GMT+0900 (GMT+09:00)
[debug] [2020-04-17T07:44:49.534Z] ----------------------------------------------------------------------
[debug] [2020-04-17T07:44:49.535Z] 
[debug] [2020-04-17T07:44:49.545Z] > command requires scopes: ["email","openid","https://www.googleapis.com/auth/cloudplatformprojects.readonly","https://www.googleapis.com/auth/firebase","https://www.googleapis.com/auth/cloud-platform"]
[debug] [2020-04-17T07:44:49.546Z] > authorizing via signed-in user
[debug] [2020-04-17T07:44:49.546Z] [iam] checking project restaurant-subscription-dev for permissions ["firebase.projects.get"]
[debug] [2020-04-17T07:44:49.547Z] >>> HTTP REQUEST POST https://cloudresourcemanager.googleapis.com/v1/projects/restaurant-subscription-dev:testIamPermissions  

[debug] [2020-04-17T07:44:50.622Z] <<< HTTP RESPONSE 200
[debug] [2020-04-17T07:44:50.624Z] >>> HTTP REQUEST GET https://firebase.googleapis.com/v1beta1/projects/restaurant-subscription-dev  
 
[debug] [2020-04-17T07:44:51.435Z] <<< HTTP RESPONSE 200
[warn] ⚠  Your requested "node" version "8" doesn't match your global version "10"
[info] ✔  functions: Emulator started at http://localhost:5000
[info] i  functions: Watching "/Users/Kou/projects/vue-projects/restaurant_subscription/functions" for Cloud Functions...
[debug] [2020-04-17T07:44:51.719Z] [worker-~diagnostic~-3751f248-1d02-4d45-8d2d-ed76ec225bf5]: BUSY
[debug] [2020-04-17T07:44:52.016Z] [runtime-status] Functions runtime initialized. {"cwd":"/Users/Kou/projects/vue-projects/restaurant_subscription/functions","node_version":"10.15.1"}
[debug] [2020-04-17T07:44:52.018Z] [runtime-status] Disabled runtime features: {"functions_config_helper":true,"network_filtering":true,"timeout":true,"memory_limiting":true,"admin_stubs":true} {}
[debug] [2020-04-17T07:44:52.020Z] [runtime-status] Resolved module firebase-admin {"declared":true,"installed":true,"version":"8.9.2","resolution":"/Users/Kou/projects/vue-projects/restaurant_subscription/functions/node_modules/firebase-admin/lib/index.js"}
[debug] [2020-04-17T07:44:52.021Z] [runtime-status] Resolved module firebase-functions {"declared":true,"installed":true,"version":"3.3.0","resolution":"/Users/Kou/projects/vue-projects/restaurant_subscription/functions/node_modules/firebase-functions/lib/index.js"}
[debug] [2020-04-17T07:44:52.022Z] [runtime-status] Resolved module firebase-functions {"declared":true,"installed":true,"version":"3.3.0","resolution":"/Users/Kou/projects/vue-projects/restaurant_subscription/functions/node_modules/firebase-functions/lib/index.js"}
[info] ✔  functions[createSubscription]: http function initialized (http://localhost:5000/restaurant-subscription-dev/us-central1/createSubscription).
[info] ✔  functions[sendEmailVerification]: http function initialized (http://localhost:5000/restaurant-subscription-dev/us-central1/sendEmailVerification).
[info] ✔  functions[verifyEmail]: http function initialized (http://localhost:5000/restaurant-subscription-dev/us-central1/verifyEmail).
[debug] [2020-04-17T07:44:52.386Z] [worker-~diagnostic~-3751f248-1d02-4d45-8d2d-ed76ec225bf5]: exited
[debug] [2020-04-17T07:44:52.386Z] [worker-~diagnostic~-3751f248-1d02-4d45-8d2d-ed76ec225bf5]: FINISHED
[debug] [2020-04-17T07:45:34.863Z] Accepted request OPTIONS /restaurant-subscription-dev/us-central1/sendEmailVerification --> sendEmailVerification
[debug] [2020-04-17T07:45:34.874Z] [worker-sendEmailVerification-4cb8aa3f-2e53-4eba-a11d-11dcd1092da7]: BUSY
[debug] [2020-04-17T07:45:35.234Z] [runtime-status] Functions runtime initialized. {"cwd":"/Users/Kou/projects/vue-projects/restaurant_subscription/functions","node_version":"10.15.1"}
[debug] [2020-04-17T07:45:35.237Z] [runtime-status] Disabled runtime features: {"functions_config_helper":true,"network_filtering":true,"timeout":true,"memory_limiting":true,"admin_stubs":true} {}
[debug] [2020-04-17T07:45:35.239Z] [runtime-status] Resolved module firebase-admin {"declared":true,"installed":true,"version":"8.9.2","resolution":"/Users/Kou/projects/vue-projects/restaurant_subscription/functions/node_modules/firebase-admin/lib/index.js"}
[debug] [2020-04-17T07:45:35.240Z] [runtime-status] Resolved module firebase-functions {"declared":true,"installed":true,"version":"3.3.0","resolution":"/Users/Kou/projects/vue-projects/restaurant_subscription/functions/node_modules/firebase-functions/lib/index.js"}
[debug] [2020-04-17T07:45:35.241Z] [runtime-status] Resolved module firebase-functions {"declared":true,"installed":true,"version":"3.3.0","resolution":"/Users/Kou/projects/vue-projects/restaurant_subscription/functions/node_modules/firebase-functions/lib/index.js"}
[debug] [2020-04-17T07:45:35.618Z] [runtime-status] Trigger "sendEmailVerification" has been found, beginning invocation! {}
[info] i  functions: Beginning execution of "sendEmailVerification"
[debug] [2020-04-17T07:45:35.619Z] [runtime-status]  {"httpsTrigger":{},"name":"sendEmailVerification","entryPoint":"sendEmailVerification"}
[debug] [2020-04-17T07:45:35.619Z] [runtime-status] Running sendEmailVerification in mode HTTPS {}
[debug] [2020-04-17T07:45:35.625Z] {"socketPath":"/var/folders/yv/qvt0xlx92m78lf267q68n9hm0000gn/T/firebase_emulator_invocation_90462.sock"}
[debug] [2020-04-17T07:45:35.628Z] [functions] Runtime ready! Sending request! {"socketPath":"/var/folders/yv/qvt0xlx92m78lf267q68n9hm0000gn/T/firebase_emulator_invocation_90462.sock"}
[debug] [2020-04-17T07:45:35.635Z] [runtime-status] Ephemeral server used! {}
[debug] [2020-04-17T07:45:35.641Z] [runtime-status] Ephemeral server survived. {}
[debug] [2020-04-17T07:45:35.642Z] Accepted request POST /restaurant-subscription-dev/us-central1/sendEmailVerification --> sendEmailVerification
[debug] [2020-04-17T07:45:35.645Z] [worker-sendEmailVerification-51bdbbda-d788-42be-aace-e9d465f88b11]: BUSY
[info] i  functions: Finished "sendEmailVerification" in ~1s
[debug] [2020-04-17T07:45:35.646Z] [worker-sendEmailVerification-4cb8aa3f-2e53-4eba-a11d-11dcd1092da7]: IDLE
[debug] [2020-04-17T07:45:35.997Z] [runtime-status] Functions runtime initialized. {"cwd":"/Users/Kou/projects/vue-projects/restaurant_subscription/functions","node_version":"10.15.1"}
[debug] [2020-04-17T07:45:35.999Z] [runtime-status] Disabled runtime features: {"functions_config_helper":true,"network_filtering":true,"timeout":true,"memory_limiting":true,"admin_stubs":true} {}
[debug] [2020-04-17T07:45:36.002Z] [runtime-status] Resolved module firebase-admin {"declared":true,"installed":true,"version":"8.9.2","resolution":"/Users/Kou/projects/vue-projects/restaurant_subscription/functions/node_modules/firebase-admin/lib/index.js"}
[debug] [2020-04-17T07:45:36.003Z] [runtime-status] Resolved module firebase-functions {"declared":true,"installed":true,"version":"3.3.0","resolution":"/Users/Kou/projects/vue-projects/restaurant_subscription/functions/node_modules/firebase-functions/lib/index.js"}
[debug] [2020-04-17T07:45:36.004Z] [runtime-status] Resolved module firebase-functions {"declared":true,"installed":true,"version":"3.3.0","resolution":"/Users/Kou/projects/vue-projects/restaurant_subscription/functions/node_modules/firebase-functions/lib/index.js"}
[debug] [2020-04-17T07:45:36.407Z] [runtime-status] Trigger "sendEmailVerification" has been found, beginning invocation! {}
[info] i  functions: Beginning execution of "sendEmailVerification"
[debug] [2020-04-17T07:45:36.407Z] [runtime-status]  {"httpsTrigger":{},"name":"sendEmailVerification","entryPoint":"sendEmailVerification"}
[debug] [2020-04-17T07:45:36.407Z] [runtime-status] Running sendEmailVerification in mode HTTPS {}
[debug] [2020-04-17T07:45:36.415Z] {"socketPath":"/var/folders/yv/qvt0xlx92m78lf267q68n9hm0000gn/T/firebase_emulator_invocation_90463.sock"}
[debug] [2020-04-17T07:45:36.416Z] [functions] Runtime ready! Sending request! {"socketPath":"/var/folders/yv/qvt0xlx92m78lf267q68n9hm0000gn/T/firebase_emulator_invocation_90463.sock"}
[debug] [2020-04-17T07:45:36.442Z] [runtime-status] Ephemeral server used! {}
[info] >  send 
会員証が作成されました。

こちらからアカウントを認証してください。
https://app.truffle.fan/verify_email/undefined/CBFYuGZwFnU6PYHTY8EEtzpJVrz2


提供元：Truffle Technologies KK
お問い合わせ：hello@truffletechnologies.co.jp
     

[debug] [2020-04-17T07:45:36.455Z] [runtime-status] Ephemeral server survived. {}
[info] i  functions: Finished "sendEmailVerification" in ~1s
[debug] [2020-04-17T07:45:36.459Z] [worker-sendEmailVerification-51bdbbda-d788-42be-aace-e9d465f88b11]: IDLE
[info] >  send failed. Error: No recipients defined
[debug] [2020-04-17T07:48:13.977Z] Accepted request OPTIONS /restaurant-subscription-dev/us-central1/verifyEmail --> verifyEmail
[debug] [2020-04-17T07:48:13.983Z] [worker-verifyEmail-2c0f0a3f-ba3a-405b-b3cc-802cad72e3cd]: BUSY
[debug] [2020-04-17T07:48:14.461Z] [runtime-status] Functions runtime initialized. {"cwd":"/Users/Kou/projects/vue-projects/restaurant_subscription/functions","node_version":"10.15.1"}
[debug] [2020-04-17T07:48:14.464Z] [runtime-status] Disabled runtime features: {"functions_config_helper":true,"network_filtering":true,"timeout":true,"memory_limiting":true,"admin_stubs":true} {}
[debug] [2020-04-17T07:48:14.468Z] [runtime-status] Resolved module firebase-admin {"declared":true,"installed":true,"version":"8.9.2","resolution":"/Users/Kou/projects/vue-projects/restaurant_subscription/functions/node_modules/firebase-admin/lib/index.js"}
[debug] [2020-04-17T07:48:14.470Z] [runtime-status] Resolved module firebase-functions {"declared":true,"installed":true,"version":"3.3.0","resolution":"/Users/Kou/projects/vue-projects/restaurant_subscription/functions/node_modules/firebase-functions/lib/index.js"}
[debug] [2020-04-17T07:48:14.470Z] [runtime-status] Resolved module firebase-functions {"declared":true,"installed":true,"version":"3.3.0","resolution":"/Users/Kou/projects/vue-projects/restaurant_subscription/functions/node_modules/firebase-functions/lib/index.js"}
[debug] [2020-04-17T07:48:15.090Z] [runtime-status] Trigger "verifyEmail" has been found, beginning invocation! {}
[info] i  functions: Beginning execution of "verifyEmail"
[debug] [2020-04-17T07:48:15.091Z] [runtime-status]  {"httpsTrigger":{},"name":"verifyEmail","entryPoint":"verifyEmail"}
[debug] [2020-04-17T07:48:15.091Z] [runtime-status] Running verifyEmail in mode HTTPS {}
[debug] [2020-04-17T07:48:15.099Z] {"socketPath":"/var/folders/yv/qvt0xlx92m78lf267q68n9hm0000gn/T/firebase_emulator_invocation_90514.sock"}
[debug] [2020-04-17T07:48:15.099Z] [functions] Runtime ready! Sending request! {"socketPath":"/var/folders/yv/qvt0xlx92m78lf267q68n9hm0000gn/T/firebase_emulator_invocation_90514.sock"}
[debug] [2020-04-17T07:48:15.109Z] [runtime-status] Ephemeral server used! {}
[debug] [2020-04-17T07:48:15.116Z] Accepted request POST /restaurant-subscription-dev/us-central1/verifyEmail --> verifyEmail
[debug] [2020-04-17T07:48:15.121Z] [worker-verifyEmail-c616aa67-7fcd-46fd-a7c4-e5663cac884f]: BUSY
[debug] [2020-04-17T07:48:15.121Z] [runtime-status] Ephemeral server survived. {}
[info] i  functions: Finished "verifyEmail" in ~1s
[debug] [2020-04-17T07:48:15.122Z] [worker-verifyEmail-2c0f0a3f-ba3a-405b-b3cc-802cad72e3cd]: IDLE
[debug] [2020-04-17T07:48:15.431Z] [runtime-status] Functions runtime initialized. {"cwd":"/Users/Kou/projects/vue-projects/restaurant_subscription/functions","node_version":"10.15.1"}
[debug] [2020-04-17T07:48:15.434Z] [runtime-status] Disabled runtime features: {"functions_config_helper":true,"network_filtering":true,"timeout":true,"memory_limiting":true,"admin_stubs":true} {}
[debug] [2020-04-17T07:48:15.437Z] [runtime-status] Resolved module firebase-admin {"declared":true,"installed":true,"version":"8.9.2","resolution":"/Users/Kou/projects/vue-projects/restaurant_subscription/functions/node_modules/firebase-admin/lib/index.js"}
[debug] [2020-04-17T07:48:15.438Z] [runtime-status] Resolved module firebase-functions {"declared":true,"installed":true,"version":"3.3.0","resolution":"/Users/Kou/projects/vue-projects/restaurant_subscription/functions/node_modules/firebase-functions/lib/index.js"}
[debug] [2020-04-17T07:48:15.440Z] [runtime-status] Resolved module firebase-functions {"declared":true,"installed":true,"version":"3.3.0","resolution":"/Users/Kou/projects/vue-projects/restaurant_subscription/functions/node_modules/firebase-functions/lib/index.js"}
[debug] [2020-04-17T07:48:15.866Z] [runtime-status] Trigger "verifyEmail" has been found, beginning invocation! {}
[info] i  functions: Beginning execution of "verifyEmail"
[debug] [2020-04-17T07:48:15.866Z] [runtime-status]  {"httpsTrigger":{},"name":"verifyEmail","entryPoint":"verifyEmail"}
[debug] [2020-04-17T07:48:15.866Z] [runtime-status] Running verifyEmail in mode HTTPS {}
[debug] [2020-04-17T07:48:15.873Z] {"socketPath":"/var/folders/yv/qvt0xlx92m78lf267q68n9hm0000gn/T/firebase_emulator_invocation_90515.sock"}
[debug] [2020-04-17T07:48:15.873Z] [functions] Runtime ready! Sending request! {"socketPath":"/var/folders/yv/qvt0xlx92m78lf267q68n9hm0000gn/T/firebase_emulator_invocation_90515.sock"}
[debug] [2020-04-17T07:48:15.903Z] [runtime-status] Ephemeral server used! {}
[info] >  uid CBFYuGZwFnU6PYHTY8EEtzpJVrz2
[debug] [2020-04-17T07:48:15.908Z] [runtime-status] Ephemeral server survived. {}
[info] i  functions: Finished "verifyEmail" in ~1s
[debug] [2020-04-17T07:48:16.999Z] [worker-verifyEmail-c616aa67-7fcd-46fd-a7c4-e5663cac884f]: IDLE
[debug] [2020-04-17T07:48:34.344Z] Accepted request OPTIONS /restaurant-subscription-dev/us-central1/verifyEmail --> verifyEmail
[debug] [2020-04-17T07:48:34.345Z] [worker-verifyEmail-2c0f0a3f-ba3a-405b-b3cc-802cad72e3cd]: BUSY
[debug] [2020-04-17T07:48:34.346Z] [runtime-status] Trigger "verifyEmail" has been found, beginning invocation! {}
[info] i  functions: Beginning execution of "verifyEmail"
[debug] [2020-04-17T07:48:34.346Z] [runtime-status]  {"httpsTrigger":{},"name":"verifyEmail","entryPoint":"verifyEmail"}
[debug] [2020-04-17T07:48:34.346Z] [runtime-status] Running verifyEmail in mode HTTPS {}
[debug] [2020-04-17T07:48:34.347Z] {"socketPath":"/var/folders/yv/qvt0xlx92m78lf267q68n9hm0000gn/T/firebase_emulator_invocation_90514.sock"}
[debug] [2020-04-17T07:48:34.351Z] [functions] Runtime ready! Sending request! {"socketPath":"/var/folders/yv/qvt0xlx92m78lf267q68n9hm0000gn/T/firebase_emulator_invocation_90514.sock"}
[debug] [2020-04-17T07:48:34.355Z] [runtime-status] Ephemeral server used! {}
[debug] [2020-04-17T07:48:34.356Z] [runtime-status] Ephemeral server survived. {}
[info] i  functions: Finished "verifyEmail" in ~1s
[debug] [2020-04-17T07:48:34.357Z] [worker-verifyEmail-2c0f0a3f-ba3a-405b-b3cc-802cad72e3cd]: IDLE
[debug] [2020-04-17T07:48:34.358Z] Accepted request POST /restaurant-subscription-dev/us-central1/verifyEmail --> verifyEmail
[debug] [2020-04-17T07:48:34.358Z] [worker-verifyEmail-2c0f0a3f-ba3a-405b-b3cc-802cad72e3cd]: BUSY
[debug] [2020-04-17T07:48:34.368Z] [runtime-status] Trigger "verifyEmail" has been found, beginning invocation! {}
[info] i  functions: Beginning execution of "verifyEmail"
[debug] [2020-04-17T07:48:34.369Z] [runtime-status]  {"httpsTrigger":{},"name":"verifyEmail","entryPoint":"verifyEmail"}
[debug] [2020-04-17T07:48:34.369Z] [runtime-status] Running verifyEmail in mode HTTPS {}
[debug] [2020-04-17T07:48:34.370Z] {"socketPath":"/var/folders/yv/qvt0xlx92m78lf267q68n9hm0000gn/T/firebase_emulator_invocation_90514.sock"}
[debug] [2020-04-17T07:48:34.371Z] [functions] Runtime ready! Sending request! {"socketPath":"/var/folders/yv/qvt0xlx92m78lf267q68n9hm0000gn/T/firebase_emulator_invocation_90514.sock"}
[debug] [2020-04-17T07:48:34.393Z] [runtime-status] Ephemeral server used! {}
[info] >  uid CBFYuGZwFnU6PYHTY8EEtzpJVrz2
[debug] [2020-04-17T07:48:34.398Z] [runtime-status] Ephemeral server survived. {}
[info] i  functions: Finished "verifyEmail" in ~1s
[debug] [2020-04-17T07:48:35.384Z] [worker-verifyEmail-2c0f0a3f-ba3a-405b-b3cc-802cad72e3cd]: IDLE
[debug] [2020-04-17T07:50:53.559Z] Accepted request OPTIONS /restaurant-subscription-dev/us-central1/verifyEmail --> verifyEmail
[debug] [2020-04-17T07:50:53.559Z] [worker-verifyEmail-2c0f0a3f-ba3a-405b-b3cc-802cad72e3cd]: BUSY
[debug] [2020-04-17T07:50:53.560Z] [runtime-status] Trigger "verifyEmail" has been found, beginning invocation! {}
[info] i  functions: Beginning execution of "verifyEmail"
[debug] [2020-04-17T07:50:53.560Z] [runtime-status]  {"httpsTrigger":{},"name":"verifyEmail","entryPoint":"verifyEmail"}
[debug] [2020-04-17T07:50:53.560Z] [runtime-status] Running verifyEmail in mode HTTPS {}
[debug] [2020-04-17T07:50:53.561Z] {"socketPath":"/var/folders/yv/qvt0xlx92m78lf267q68n9hm0000gn/T/firebase_emulator_invocation_90514.sock"}
[debug] [2020-04-17T07:50:53.562Z] [functions] Runtime ready! Sending request! {"socketPath":"/var/folders/yv/qvt0xlx92m78lf267q68n9hm0000gn/T/firebase_emulator_invocation_90514.sock"}
[debug] [2020-04-17T07:50:53.564Z] [runtime-status] Ephemeral server used! {}
[debug] [2020-04-17T07:50:53.566Z] [runtime-status] Ephemeral server survived. {}
[info] i  functions: Finished "verifyEmail" in ~1s
[debug] [2020-04-17T07:50:53.567Z] [worker-verifyEmail-2c0f0a3f-ba3a-405b-b3cc-802cad72e3cd]: IDLE
[debug] [2020-04-17T07:50:53.567Z] Accepted request POST /restaurant-subscription-dev/us-central1/verifyEmail --> verifyEmail
[debug] [2020-04-17T07:50:53.567Z] [worker-verifyEmail-2c0f0a3f-ba3a-405b-b3cc-802cad72e3cd]: BUSY
[debug] [2020-04-17T07:50:53.579Z] [runtime-status] Trigger "verifyEmail" has been found, beginning invocation! {}
[info] i  functions: Beginning execution of "verifyEmail"
[debug] [2020-04-17T07:50:53.580Z] [runtime-status]  {"httpsTrigger":{},"name":"verifyEmail","entryPoint":"verifyEmail"}
[debug] [2020-04-17T07:50:53.580Z] [runtime-status] Running verifyEmail in mode HTTPS {}
[debug] [2020-04-17T07:50:53.580Z] {"socketPath":"/var/folders/yv/qvt0xlx92m78lf267q68n9hm0000gn/T/firebase_emulator_invocation_90514.sock"}
[debug] [2020-04-17T07:50:53.581Z] [functions] Runtime ready! Sending request! {"socketPath":"/var/folders/yv/qvt0xlx92m78lf267q68n9hm0000gn/T/firebase_emulator_invocation_90514.sock"}
[debug] [2020-04-17T07:50:53.584Z] [runtime-status] Ephemeral server used! {}
[info] >  uid CBFYuGZwFnU6PYHTY8EEtzpJVrz2
[debug] [2020-04-17T07:50:53.585Z] [runtime-status] Ephemeral server survived. {}
[info] i  functions: Finished "verifyEmail" in ~1s
[debug] [2020-04-17T07:50:53.765Z] [worker-verifyEmail-2c0f0a3f-ba3a-405b-b3cc-802cad72e3cd]: IDLE
[debug] [2020-04-17T07:56:00.544Z] Accepted request OPTIONS /restaurant-subscription-dev/us-central1/verifyEmail --> verifyEmail
[debug] [2020-04-17T07:56:00.544Z] [worker-verifyEmail-2c0f0a3f-ba3a-405b-b3cc-802cad72e3cd]: BUSY
[debug] [2020-04-17T07:56:00.545Z] [runtime-status] Trigger "verifyEmail" has been found, beginning invocation! {}
[info] i  functions: Beginning execution of "verifyEmail"
[debug] [2020-04-17T07:56:00.545Z] [runtime-status]  {"httpsTrigger":{},"name":"verifyEmail","entryPoint":"verifyEmail"}
[debug] [2020-04-17T07:56:00.546Z] [runtime-status] Running verifyEmail in mode HTTPS {}
[debug] [2020-04-17T07:56:00.546Z] {"socketPath":"/var/folders/yv/qvt0xlx92m78lf267q68n9hm0000gn/T/firebase_emulator_invocation_90514.sock"}
[debug] [2020-04-17T07:56:00.547Z] [functions] Runtime ready! Sending request! {"socketPath":"/var/folders/yv/qvt0xlx92m78lf267q68n9hm0000gn/T/firebase_emulator_invocation_90514.sock"}
[debug] [2020-04-17T07:56:00.550Z] [runtime-status] Ephemeral server used! {}
[debug] [2020-04-17T07:56:00.551Z] [runtime-status] Ephemeral server survived. {}
[info] i  functions: Finished "verifyEmail" in ~1s
[debug] [2020-04-17T07:56:00.551Z] [worker-verifyEmail-2c0f0a3f-ba3a-405b-b3cc-802cad72e3cd]: IDLE
[debug] [2020-04-17T07:56:00.552Z] Accepted request POST /restaurant-subscription-dev/us-central1/verifyEmail --> verifyEmail
[debug] [2020-04-17T07:56:00.552Z] [worker-verifyEmail-2c0f0a3f-ba3a-405b-b3cc-802cad72e3cd]: BUSY
[debug] [2020-04-17T07:56:00.565Z] [runtime-status] Trigger "verifyEmail" has been found, beginning invocation! {}
[info] i  functions: Beginning execution of "verifyEmail"
[debug] [2020-04-17T07:56:00.565Z] [runtime-status]  {"httpsTrigger":{},"name":"verifyEmail","entryPoint":"verifyEmail"}
[debug] [2020-04-17T07:56:00.565Z] [runtime-status] Running verifyEmail in mode HTTPS {}
[debug] [2020-04-17T07:56:00.566Z] {"socketPath":"/var/folders/yv/qvt0xlx92m78lf267q68n9hm0000gn/T/firebase_emulator_invocation_90514.sock"}
[debug] [2020-04-17T07:56:00.566Z] [functions] Runtime ready! Sending request! {"socketPath":"/var/folders/yv/qvt0xlx92m78lf267q68n9hm0000gn/T/firebase_emulator_invocation_90514.sock"}
[debug] [2020-04-17T07:56:00.569Z] [runtime-status] Ephemeral server used! {}
[info] >  uid CBFYuGZwFnU6PYHTY8EEtzpJVrz2
[debug] [2020-04-17T07:56:00.574Z] [runtime-status] Ephemeral server survived. {}
[info] i  functions: Finished "verifyEmail" in ~1s
[debug] [2020-04-17T07:56:01.167Z] [worker-verifyEmail-2c0f0a3f-ba3a-405b-b3cc-802cad72e3cd]: IDLE
[debug] [2020-04-17T07:57:05.902Z] Accepted request OPTIONS /restaurant-subscription-dev/us-central1/verifyEmail --> verifyEmail
[debug] [2020-04-17T07:57:05.902Z] [worker-verifyEmail-2c0f0a3f-ba3a-405b-b3cc-802cad72e3cd]: BUSY
[debug] [2020-04-17T07:57:05.903Z] [runtime-status] Trigger "verifyEmail" has been found, beginning invocation! {}
[info] i  functions: Beginning execution of "verifyEmail"
[debug] [2020-04-17T07:57:05.904Z] [runtime-status]  {"httpsTrigger":{},"name":"verifyEmail","entryPoint":"verifyEmail"}
[debug] [2020-04-17T07:57:05.904Z] [runtime-status] Running verifyEmail in mode HTTPS {}
[debug] [2020-04-17T07:57:05.904Z] {"socketPath":"/var/folders/yv/qvt0xlx92m78lf267q68n9hm0000gn/T/firebase_emulator_invocation_90514.sock"}
[debug] [2020-04-17T07:57:05.905Z] [functions] Runtime ready! Sending request! {"socketPath":"/var/folders/yv/qvt0xlx92m78lf267q68n9hm0000gn/T/firebase_emulator_invocation_90514.sock"}
[debug] [2020-04-17T07:57:05.906Z] [runtime-status] Ephemeral server used! {}
[debug] [2020-04-17T07:57:05.907Z] [runtime-status] Ephemeral server survived. {}
[info] i  functions: Finished "verifyEmail" in ~1s
[debug] [2020-04-17T07:57:05.908Z] [worker-verifyEmail-2c0f0a3f-ba3a-405b-b3cc-802cad72e3cd]: IDLE
[debug] [2020-04-17T07:57:05.910Z] Accepted request POST /restaurant-subscription-dev/us-central1/verifyEmail --> verifyEmail
[debug] [2020-04-17T07:57:05.910Z] [worker-verifyEmail-2c0f0a3f-ba3a-405b-b3cc-802cad72e3cd]: BUSY
[debug] [2020-04-17T07:57:05.919Z] [runtime-status] Trigger "verifyEmail" has been found, beginning invocation! {}
[info] i  functions: Beginning execution of "verifyEmail"
[debug] [2020-04-17T07:57:05.920Z] [runtime-status]  {"httpsTrigger":{},"name":"verifyEmail","entryPoint":"verifyEmail"}
[debug] [2020-04-17T07:57:05.920Z] [runtime-status] Running verifyEmail in mode HTTPS {}
[debug] [2020-04-17T07:57:05.920Z] {"socketPath":"/var/folders/yv/qvt0xlx92m78lf267q68n9hm0000gn/T/firebase_emulator_invocation_90514.sock"}
[debug] [2020-04-17T07:57:05.921Z] [functions] Runtime ready! Sending request! {"socketPath":"/var/folders/yv/qvt0xlx92m78lf267q68n9hm0000gn/T/firebase_emulator_invocation_90514.sock"}
[debug] [2020-04-17T07:57:05.923Z] [runtime-status] Ephemeral server used! {}
[info] >  uid CBFYuGZwFnU6PYHTY8EEtzpJVrz2
[debug] [2020-04-17T07:57:05.923Z] [runtime-status] Ephemeral server survived. {}
[info] i  functions: Finished "verifyEmail" in ~1s
[debug] [2020-04-17T07:57:07.360Z] [worker-verifyEmail-2c0f0a3f-ba3a-405b-b3cc-802cad72e3cd]: IDLE
[debug] [2020-04-17T08:03:18.577Z] Accepted request OPTIONS /restaurant-subscription-dev/us-central1/verifyEmail --> verifyEmail
[debug] [2020-04-17T08:03:18.577Z] [worker-verifyEmail-2c0f0a3f-ba3a-405b-b3cc-802cad72e3cd]: BUSY
[debug] [2020-04-17T08:03:18.578Z] [runtime-status] Trigger "verifyEmail" has been found, beginning invocation! {}
[info] i  functions: Beginning execution of "verifyEmail"
[debug] [2020-04-17T08:03:18.578Z] [runtime-status]  {"httpsTrigger":{},"name":"verifyEmail","entryPoint":"verifyEmail"}
[debug] [2020-04-17T08:03:18.578Z] [runtime-status] Running verifyEmail in mode HTTPS {}
[debug] [2020-04-17T08:03:18.581Z] {"socketPath":"/var/folders/yv/qvt0xlx92m78lf267q68n9hm0000gn/T/firebase_emulator_invocation_90514.sock"}
[debug] [2020-04-17T08:03:18.581Z] [functions] Runtime ready! Sending request! {"socketPath":"/var/folders/yv/qvt0xlx92m78lf267q68n9hm0000gn/T/firebase_emulator_invocation_90514.sock"}
[debug] [2020-04-17T08:03:18.584Z] [runtime-status] Ephemeral server used! {}
[debug] [2020-04-17T08:03:18.585Z] [runtime-status] Ephemeral server survived. {}
[info] i  functions: Finished "verifyEmail" in ~1s
[debug] [2020-04-17T08:03:18.587Z] [worker-verifyEmail-2c0f0a3f-ba3a-405b-b3cc-802cad72e3cd]: IDLE
[debug] [2020-04-17T08:03:18.588Z] Accepted request POST /restaurant-subscription-dev/us-central1/verifyEmail --> verifyEmail
[debug] [2020-04-17T08:03:18.589Z] [worker-verifyEmail-2c0f0a3f-ba3a-405b-b3cc-802cad72e3cd]: BUSY
[debug] [2020-04-17T08:03:18.597Z] [runtime-status] Trigger "verifyEmail" has been found, beginning invocation! {}
[info] i  functions: Beginning execution of "verifyEmail"
[debug] [2020-04-17T08:03:18.598Z] [runtime-status]  {"httpsTrigger":{},"name":"verifyEmail","entryPoint":"verifyEmail"}
[debug] [2020-04-17T08:03:18.598Z] [runtime-status] Running verifyEmail in mode HTTPS {}
[debug] [2020-04-17T08:03:18.599Z] {"socketPath":"/var/folders/yv/qvt0xlx92m78lf267q68n9hm0000gn/T/firebase_emulator_invocation_90514.sock"}
[debug] [2020-04-17T08:03:18.601Z] [functions] Runtime ready! Sending request! {"socketPath":"/var/folders/yv/qvt0xlx92m78lf267q68n9hm0000gn/T/firebase_emulator_invocation_90514.sock"}
[debug] [2020-04-17T08:03:18.606Z] [runtime-status] Ephemeral server used! {}
[info] >  uid CBFYuGZwFnU6PYHTY8EEtzpJVrz2
[debug] [2020-04-17T08:03:18.607Z] [runtime-status] Ephemeral server survived. {}
[info] i  functions: Finished "verifyEmail" in ~1s
[debug] [2020-04-17T08:03:19.166Z] [worker-verifyEmail-2c0f0a3f-ba3a-405b-b3cc-802cad72e3cd]: IDLE
[debug] [2020-04-17T08:04:45.735Z] Accepted request OPTIONS /restaurant-subscription-dev/us-central1/verifyEmail --> verifyEmail
[debug] [2020-04-17T08:04:45.735Z] [worker-verifyEmail-2c0f0a3f-ba3a-405b-b3cc-802cad72e3cd]: BUSY
[debug] [2020-04-17T08:04:45.737Z] [runtime-status] Trigger "verifyEmail" has been found, beginning invocation! {}
[info] i  functions: Beginning execution of "verifyEmail"
[debug] [2020-04-17T08:04:45.738Z] [runtime-status]  {"httpsTrigger":{},"name":"verifyEmail","entryPoint":"verifyEmail"}
[debug] [2020-04-17T08:04:45.738Z] [runtime-status] Running verifyEmail in mode HTTPS {}
[debug] [2020-04-17T08:04:45.738Z] {"socketPath":"/var/folders/yv/qvt0xlx92m78lf267q68n9hm0000gn/T/firebase_emulator_invocation_90514.sock"}
[debug] [2020-04-17T08:04:45.739Z] [functions] Runtime ready! Sending request! {"socketPath":"/var/folders/yv/qvt0xlx92m78lf267q68n9hm0000gn/T/firebase_emulator_invocation_90514.sock"}
[debug] [2020-04-17T08:04:45.741Z] [runtime-status] Ephemeral server used! {}
[debug] [2020-04-17T08:04:45.742Z] [runtime-status] Ephemeral server survived. {}
[info] i  functions: Finished "verifyEmail" in ~1s
[debug] [2020-04-17T08:04:45.743Z] [worker-verifyEmail-2c0f0a3f-ba3a-405b-b3cc-802cad72e3cd]: IDLE
[debug] [2020-04-17T08:04:45.743Z] Accepted request POST /restaurant-subscription-dev/us-central1/verifyEmail --> verifyEmail
[debug] [2020-04-17T08:04:45.743Z] [worker-verifyEmail-2c0f0a3f-ba3a-405b-b3cc-802cad72e3cd]: BUSY
[debug] [2020-04-17T08:04:45.754Z] [runtime-status] Trigger "verifyEmail" has been found, beginning invocation! {}
[info] i  functions: Beginning execution of "verifyEmail"
[debug] [2020-04-17T08:04:45.755Z] [runtime-status]  {"httpsTrigger":{},"name":"verifyEmail","entryPoint":"verifyEmail"}
[debug] [2020-04-17T08:04:45.755Z] [runtime-status] Running verifyEmail in mode HTTPS {}
[debug] [2020-04-17T08:04:45.755Z] {"socketPath":"/var/folders/yv/qvt0xlx92m78lf267q68n9hm0000gn/T/firebase_emulator_invocation_90514.sock"}
[debug] [2020-04-17T08:04:45.756Z] [functions] Runtime ready! Sending request! {"socketPath":"/var/folders/yv/qvt0xlx92m78lf267q68n9hm0000gn/T/firebase_emulator_invocation_90514.sock"}
[debug] [2020-04-17T08:04:45.760Z] [runtime-status] Ephemeral server used! {}
[info] >  uid CBFYuGZwFnU6PYHTY8EEtzpJVrz2
[debug] [2020-04-17T08:04:45.760Z] [runtime-status] Ephemeral server survived. {}
[info] i  functions: Finished "verifyEmail" in ~1s
[debug] [2020-04-17T08:04:45.946Z] [worker-verifyEmail-2c0f0a3f-ba3a-405b-b3cc-802cad72e3cd]: IDLE
[debug] [2020-04-17T08:05:10.157Z] Accepted request OPTIONS /restaurant-subscription-dev/us-central1/verifyEmail --> verifyEmail
[debug] [2020-04-17T08:05:10.157Z] [worker-verifyEmail-2c0f0a3f-ba3a-405b-b3cc-802cad72e3cd]: BUSY
[debug] [2020-04-17T08:05:10.158Z] [runtime-status] Trigger "verifyEmail" has been found, beginning invocation! {}
[info] i  functions: Beginning execution of "verifyEmail"
[debug] [2020-04-17T08:05:10.158Z] [runtime-status]  {"httpsTrigger":{},"name":"verifyEmail","entryPoint":"verifyEmail"}
[debug] [2020-04-17T08:05:10.158Z] [runtime-status] Running verifyEmail in mode HTTPS {}
[debug] [2020-04-17T08:05:10.159Z] {"socketPath":"/var/folders/yv/qvt0xlx92m78lf267q68n9hm0000gn/T/firebase_emulator_invocation_90514.sock"}
[debug] [2020-04-17T08:05:10.159Z] [functions] Runtime ready! Sending request! {"socketPath":"/var/folders/yv/qvt0xlx92m78lf267q68n9hm0000gn/T/firebase_emulator_invocation_90514.sock"}
[debug] [2020-04-17T08:05:10.165Z] [runtime-status] Ephemeral server used! {}
[debug] [2020-04-17T08:05:10.166Z] [runtime-status] Ephemeral server survived. {}
[info] i  functions: Finished "verifyEmail" in ~1s
[debug] [2020-04-17T08:05:10.167Z] [worker-verifyEmail-2c0f0a3f-ba3a-405b-b3cc-802cad72e3cd]: IDLE
[debug] [2020-04-17T08:05:10.168Z] Accepted request POST /restaurant-subscription-dev/us-central1/verifyEmail --> verifyEmail
[debug] [2020-04-17T08:05:10.168Z] [worker-verifyEmail-2c0f0a3f-ba3a-405b-b3cc-802cad72e3cd]: BUSY
[debug] [2020-04-17T08:05:10.184Z] [runtime-status] Trigger "verifyEmail" has been found, beginning invocation! {}
[info] i  functions: Beginning execution of "verifyEmail"
[debug] [2020-04-17T08:05:10.185Z] [runtime-status]  {"httpsTrigger":{},"name":"verifyEmail","entryPoint":"verifyEmail"}
[debug] [2020-04-17T08:05:10.185Z] [runtime-status] Running verifyEmail in mode HTTPS {}
[debug] [2020-04-17T08:05:10.185Z] {"socketPath":"/var/folders/yv/qvt0xlx92m78lf267q68n9hm0000gn/T/firebase_emulator_invocation_90514.sock"}
[debug] [2020-04-17T08:05:10.186Z] [functions] Runtime ready! Sending request! {"socketPath":"/var/folders/yv/qvt0xlx92m78lf267q68n9hm0000gn/T/firebase_emulator_invocation_90514.sock"}
[debug] [2020-04-17T08:05:10.201Z] [runtime-status] Ephemeral server used! {}
[info] >  uid CBFYuGZwFnU6PYHTY8EEtzpJVrz2
[debug] [2020-04-17T08:05:10.202Z] [runtime-status] Ephemeral server survived. {}
[info] i  functions: Finished "verifyEmail" in ~1s
[debug] [2020-04-17T08:05:10.338Z] [worker-verifyEmail-2c0f0a3f-ba3a-405b-b3cc-802cad72e3cd]: IDLE
[debug] [2020-04-17T08:39:08.573Z] File /Users/Kou/projects/vue-projects/restaurant_subscription/functions/firebase.js changed, reloading triggers
[debug] [2020-04-17T08:39:09.578Z] [worker-pool]: Shutting down IDLE worker (sendEmailVerification)
[debug] [2020-04-17T08:39:09.580Z] [worker-pool]: Shutting down IDLE worker (sendEmailVerification)
[debug] [2020-04-17T08:39:09.580Z] [worker-pool]: Shutting down IDLE worker (verifyEmail)
[debug] [2020-04-17T08:39:09.580Z] [worker-pool]: Shutting down IDLE worker (verifyEmail)
[debug] [2020-04-17T08:39:09.587Z] [worker-~diagnostic~-59ad14a2-f458-46f5-ba1b-2b856f6abc47]: BUSY
[debug] [2020-04-17T08:39:09.589Z] [worker-sendEmailVerification-4cb8aa3f-2e53-4eba-a11d-11dcd1092da7]: exited
[debug] [2020-04-17T08:39:09.590Z] [worker-sendEmailVerification-4cb8aa3f-2e53-4eba-a11d-11dcd1092da7]: FINISHED
[debug] [2020-04-17T08:39:09.590Z] [worker-sendEmailVerification-51bdbbda-d788-42be-aace-e9d465f88b11]: exited
[debug] [2020-04-17T08:39:09.590Z] [worker-sendEmailVerification-51bdbbda-d788-42be-aace-e9d465f88b11]: FINISHED
[debug] [2020-04-17T08:39:09.590Z] [worker-verifyEmail-2c0f0a3f-ba3a-405b-b3cc-802cad72e3cd]: exited
[debug] [2020-04-17T08:39:09.590Z] [worker-verifyEmail-2c0f0a3f-ba3a-405b-b3cc-802cad72e3cd]: FINISHED
[debug] [2020-04-17T08:39:09.591Z] [worker-verifyEmail-c616aa67-7fcd-46fd-a7c4-e5663cac884f]: exited
[debug] [2020-04-17T08:39:09.591Z] [worker-verifyEmail-c616aa67-7fcd-46fd-a7c4-e5663cac884f]: FINISHED
[debug] [2020-04-17T08:39:10.016Z] [runtime-status] Functions runtime initialized. {"cwd":"/Users/Kou/projects/vue-projects/restaurant_subscription/functions","node_version":"10.15.1"}
[debug] [2020-04-17T08:39:10.018Z] [runtime-status] Disabled runtime features: {"functions_config_helper":true,"network_filtering":true,"timeout":true,"memory_limiting":true,"admin_stubs":true} {}
[debug] [2020-04-17T08:39:10.021Z] [runtime-status] Resolved module firebase-admin {"declared":true,"installed":true,"version":"8.9.2","resolution":"/Users/Kou/projects/vue-projects/restaurant_subscription/functions/node_modules/firebase-admin/lib/index.js"}
[debug] [2020-04-17T08:39:10.023Z] [runtime-status] Resolved module firebase-functions {"declared":true,"installed":true,"version":"3.3.0","resolution":"/Users/Kou/projects/vue-projects/restaurant_subscription/functions/node_modules/firebase-functions/lib/index.js"}
[debug] [2020-04-17T08:39:10.024Z] [runtime-status] Resolved module firebase-functions {"declared":true,"installed":true,"version":"3.3.0","resolution":"/Users/Kou/projects/vue-projects/restaurant_subscription/functions/node_modules/firebase-functions/lib/index.js"}
[debug] [2020-04-17T08:39:10.716Z] [worker-~diagnostic~-59ad14a2-f458-46f5-ba1b-2b856f6abc47]: exited
[debug] [2020-04-17T08:39:10.716Z] [worker-~diagnostic~-59ad14a2-f458-46f5-ba1b-2b856f6abc47]: FINISHED
[debug] [2020-04-17T08:39:27.530Z] File /Users/Kou/projects/vue-projects/restaurant_subscription/functions/firebase.js changed, reloading triggers
[debug] [2020-04-17T08:39:28.539Z] [worker-~diagnostic~-3adc639b-2966-4e2f-b3e8-0d121f7d2018]: BUSY
[debug] [2020-04-17T08:39:28.850Z] [runtime-status] Functions runtime initialized. {"cwd":"/Users/Kou/projects/vue-projects/restaurant_subscription/functions","node_version":"10.15.1"}
[debug] [2020-04-17T08:39:28.853Z] [runtime-status] Disabled runtime features: {"functions_config_helper":true,"network_filtering":true,"timeout":true,"memory_limiting":true,"admin_stubs":true} {}
[debug] [2020-04-17T08:39:28.856Z] [runtime-status] Resolved module firebase-admin {"declared":true,"installed":true,"version":"8.9.2","resolution":"/Users/Kou/projects/vue-projects/restaurant_subscription/functions/node_modules/firebase-admin/lib/index.js"}
[debug] [2020-04-17T08:39:28.857Z] [runtime-status] Resolved module firebase-functions {"declared":true,"installed":true,"version":"3.3.0","resolution":"/Users/Kou/projects/vue-projects/restaurant_subscription/functions/node_modules/firebase-functions/lib/index.js"}
[debug] [2020-04-17T08:39:28.857Z] [runtime-status] Resolved module firebase-functions {"declared":true,"installed":true,"version":"3.3.0","resolution":"/Users/Kou/projects/vue-projects/restaurant_subscription/functions/node_modules/firebase-functions/lib/index.js"}
[debug] [2020-04-17T08:39:29.247Z] [worker-~diagnostic~-3adc639b-2966-4e2f-b3e8-0d121f7d2018]: exited
[debug] [2020-04-17T08:39:29.247Z] [worker-~diagnostic~-3adc639b-2966-4e2f-b3e8-0d121f7d2018]: FINISHED
[debug] [2020-04-17T08:39:54.220Z] File /Users/Kou/projects/vue-projects/restaurant_subscription/functions/index.js changed, reloading triggers
[debug] [2020-04-17T08:39:55.228Z] [worker-~diagnostic~-8d521eab-7a3b-44f9-8348-e3e805fecd57]: BUSY
[debug] [2020-04-17T08:39:55.548Z] [runtime-status] Functions runtime initialized. {"cwd":"/Users/Kou/projects/vue-projects/restaurant_subscription/functions","node_version":"10.15.1"}
[debug] [2020-04-17T08:39:55.550Z] [runtime-status] Disabled runtime features: {"functions_config_helper":true,"network_filtering":true,"timeout":true,"memory_limiting":true,"admin_stubs":true} {}
[debug] [2020-04-17T08:39:55.554Z] [runtime-status] Resolved module firebase-admin {"declared":true,"installed":true,"version":"8.9.2","resolution":"/Users/Kou/projects/vue-projects/restaurant_subscription/functions/node_modules/firebase-admin/lib/index.js"}
[debug] [2020-04-17T08:39:55.554Z] [runtime-status] Resolved module firebase-functions {"declared":true,"installed":true,"version":"3.3.0","resolution":"/Users/Kou/projects/vue-projects/restaurant_subscription/functions/node_modules/firebase-functions/lib/index.js"}
[debug] [2020-04-17T08:39:55.555Z] [runtime-status] Resolved module firebase-functions {"declared":true,"installed":true,"version":"3.3.0","resolution":"/Users/Kou/projects/vue-projects/restaurant_subscription/functions/node_modules/firebase-functions/lib/index.js"}
[debug] [2020-04-17T08:39:55.965Z] [worker-~diagnostic~-8d521eab-7a3b-44f9-8348-e3e805fecd57]: exited
[debug] [2020-04-17T08:39:55.965Z] [worker-~diagnostic~-8d521eab-7a3b-44f9-8348-e3e805fecd57]: FINISHED
[debug] [2020-04-17T08:40:35.068Z] File /Users/Kou/projects/vue-projects/restaurant_subscription/functions/index.js changed, reloading triggers
[debug] [2020-04-17T08:40:36.075Z] [worker-~diagnostic~-38e7a83b-d350-4c66-a146-173154ce8798]: BUSY
[debug] [2020-04-17T08:40:36.409Z] [runtime-status] Functions runtime initialized. {"cwd":"/Users/Kou/projects/vue-projects/restaurant_subscription/functions","node_version":"10.15.1"}
[debug] [2020-04-17T08:40:36.412Z] [runtime-status] Disabled runtime features: {"functions_config_helper":true,"network_filtering":true,"timeout":true,"memory_limiting":true,"admin_stubs":true} {}
[debug] [2020-04-17T08:40:36.414Z] [runtime-status] Resolved module firebase-admin {"declared":true,"installed":true,"version":"8.9.2","resolution":"/Users/Kou/projects/vue-projects/restaurant_subscription/functions/node_modules/firebase-admin/lib/index.js"}
[debug] [2020-04-17T08:40:36.415Z] [runtime-status] Resolved module firebase-functions {"declared":true,"installed":true,"version":"3.3.0","resolution":"/Users/Kou/projects/vue-projects/restaurant_subscription/functions/node_modules/firebase-functions/lib/index.js"}
[debug] [2020-04-17T08:40:36.416Z] [runtime-status] Resolved module firebase-functions {"declared":true,"installed":true,"version":"3.3.0","resolution":"/Users/Kou/projects/vue-projects/restaurant_subscription/functions/node_modules/firebase-functions/lib/index.js"}
[debug] [2020-04-17T08:40:36.825Z] [worker-~diagnostic~-38e7a83b-d350-4c66-a146-173154ce8798]: exited
[debug] [2020-04-17T08:40:36.825Z] [worker-~diagnostic~-38e7a83b-d350-4c66-a146-173154ce8798]: FINISHED
[debug] [2020-04-17T08:41:02.725Z] File /Users/Kou/projects/vue-projects/restaurant_subscription/functions/index.js changed, reloading triggers
[debug] [2020-04-17T08:41:03.731Z] [worker-~diagnostic~-d7281219-d430-4449-9f70-26d53eb962e3]: BUSY
[debug] [2020-04-17T08:41:04.043Z] [runtime-status] Functions runtime initialized. {"cwd":"/Users/Kou/projects/vue-projects/restaurant_subscription/functions","node_version":"10.15.1"}
[debug] [2020-04-17T08:41:04.047Z] [runtime-status] Disabled runtime features: {"functions_config_helper":true,"network_filtering":true,"timeout":true,"memory_limiting":true,"admin_stubs":true} {}
[debug] [2020-04-17T08:41:04.049Z] [runtime-status] Resolved module firebase-admin {"declared":true,"installed":true,"version":"8.9.2","resolution":"/Users/Kou/projects/vue-projects/restaurant_subscription/functions/node_modules/firebase-admin/lib/index.js"}
[debug] [2020-04-17T08:41:04.051Z] [runtime-status] Resolved module firebase-functions {"declared":true,"installed":true,"version":"3.3.0","resolution":"/Users/Kou/projects/vue-projects/restaurant_subscription/functions/node_modules/firebase-functions/lib/index.js"}
[debug] [2020-04-17T08:41:04.051Z] [runtime-status] Resolved module firebase-functions {"declared":true,"installed":true,"version":"3.3.0","resolution":"/Users/Kou/projects/vue-projects/restaurant_subscription/functions/node_modules/firebase-functions/lib/index.js"}
[debug] [2020-04-17T08:41:04.423Z] [worker-~diagnostic~-d7281219-d430-4449-9f70-26d53eb962e3]: exited
[debug] [2020-04-17T08:41:04.423Z] [worker-~diagnostic~-d7281219-d430-4449-9f70-26d53eb962e3]: FINISHED
[debug] [2020-04-17T08:42:18.145Z] File /Users/Kou/projects/vue-projects/restaurant_subscription/functions/notification/index.js changed, reloading triggers
[debug] [2020-04-17T08:42:19.151Z] [worker-~diagnostic~-2d3046aa-f051-4ade-a877-0a60933819b1]: BUSY
[debug] [2020-04-17T08:42:19.466Z] [runtime-status] Functions runtime initialized. {"cwd":"/Users/Kou/projects/vue-projects/restaurant_subscription/functions","node_version":"10.15.1"}
[debug] [2020-04-17T08:42:19.469Z] [runtime-status] Disabled runtime features: {"functions_config_helper":true,"network_filtering":true,"timeout":true,"memory_limiting":true,"admin_stubs":true} {}
[debug] [2020-04-17T08:42:19.471Z] [runtime-status] Resolved module firebase-admin {"declared":true,"installed":true,"version":"8.9.2","resolution":"/Users/Kou/projects/vue-projects/restaurant_subscription/functions/node_modules/firebase-admin/lib/index.js"}
[debug] [2020-04-17T08:42:19.472Z] [runtime-status] Resolved module firebase-functions {"declared":true,"installed":true,"version":"3.3.0","resolution":"/Users/Kou/projects/vue-projects/restaurant_subscription/functions/node_modules/firebase-functions/lib/index.js"}
[debug] [2020-04-17T08:42:19.473Z] [runtime-status] Resolved module firebase-functions {"declared":true,"installed":true,"version":"3.3.0","resolution":"/Users/Kou/projects/vue-projects/restaurant_subscription/functions/node_modules/firebase-functions/lib/index.js"}
[debug] [2020-04-17T08:42:19.870Z] [worker-~diagnostic~-2d3046aa-f051-4ade-a877-0a60933819b1]: exited
[debug] [2020-04-17T08:42:19.870Z] [worker-~diagnostic~-2d3046aa-f051-4ade-a877-0a60933819b1]: FINISHED
[debug] [2020-04-17T08:43:22.648Z] File /Users/Kou/projects/vue-projects/restaurant_subscription/functions/notification/index.js changed, reloading triggers
[debug] [2020-04-17T08:43:23.654Z] [worker-~diagnostic~-71242856-7e73-4ef7-899b-692446b49e9f]: BUSY
[debug] [2020-04-17T08:43:24.080Z] [runtime-status] Functions runtime initialized. {"cwd":"/Users/Kou/projects/vue-projects/restaurant_subscription/functions","node_version":"10.15.1"}
[debug] [2020-04-17T08:43:24.082Z] [runtime-status] Disabled runtime features: {"functions_config_helper":true,"network_filtering":true,"timeout":true,"memory_limiting":true,"admin_stubs":true} {}
[debug] [2020-04-17T08:43:24.085Z] [runtime-status] Resolved module firebase-admin {"declared":true,"installed":true,"version":"8.9.2","resolution":"/Users/Kou/projects/vue-projects/restaurant_subscription/functions/node_modules/firebase-admin/lib/index.js"}
[debug] [2020-04-17T08:43:24.087Z] [runtime-status] Resolved module firebase-functions {"declared":true,"installed":true,"version":"3.3.0","resolution":"/Users/Kou/projects/vue-projects/restaurant_subscription/functions/node_modules/firebase-functions/lib/index.js"}
[debug] [2020-04-17T08:43:24.087Z] [runtime-status] Resolved module firebase-functions {"declared":true,"installed":true,"version":"3.3.0","resolution":"/Users/Kou/projects/vue-projects/restaurant_subscription/functions/node_modules/firebase-functions/lib/index.js"}
[debug] [2020-04-17T08:43:24.717Z] [worker-~diagnostic~-71242856-7e73-4ef7-899b-692446b49e9f]: exited
[debug] [2020-04-17T08:43:24.718Z] [worker-~diagnostic~-71242856-7e73-4ef7-899b-692446b49e9f]: FINISHED
[debug] [2020-04-17T08:43:42.748Z] File /Users/Kou/projects/vue-projects/restaurant_subscription/functions/notification/index.js changed, reloading triggers
[debug] [2020-04-17T08:43:43.753Z] [worker-~diagnostic~-5f680a3e-521e-4d66-af21-60c2c8dfeb6f]: BUSY
[debug] [2020-04-17T08:43:44.137Z] [runtime-status] Functions runtime initialized. {"cwd":"/Users/Kou/projects/vue-projects/restaurant_subscription/functions","node_version":"10.15.1"}
[debug] [2020-04-17T08:43:44.139Z] [runtime-status] Disabled runtime features: {"functions_config_helper":true,"network_filtering":true,"timeout":true,"memory_limiting":true,"admin_stubs":true} {}
[debug] [2020-04-17T08:43:44.142Z] [runtime-status] Resolved module firebase-admin {"declared":true,"installed":true,"version":"8.9.2","resolution":"/Users/Kou/projects/vue-projects/restaurant_subscription/functions/node_modules/firebase-admin/lib/index.js"}
[debug] [2020-04-17T08:43:44.144Z] [runtime-status] Resolved module firebase-functions {"declared":true,"installed":true,"version":"3.3.0","resolution":"/Users/Kou/projects/vue-projects/restaurant_subscription/functions/node_modules/firebase-functions/lib/index.js"}
[debug] [2020-04-17T08:43:44.144Z] [runtime-status] Resolved module firebase-functions {"declared":true,"installed":true,"version":"3.3.0","resolution":"/Users/Kou/projects/vue-projects/restaurant_subscription/functions/node_modules/firebase-functions/lib/index.js"}
[debug] [2020-04-17T08:43:44.712Z] [worker-~diagnostic~-5f680a3e-521e-4d66-af21-60c2c8dfeb6f]: exited
[debug] [2020-04-17T08:43:44.712Z] [worker-~diagnostic~-5f680a3e-521e-4d66-af21-60c2c8dfeb6f]: FINISHED
[debug] [2020-04-17T08:44:49.692Z] File /Users/Kou/projects/vue-projects/restaurant_subscription/functions/notification/index.js changed, reloading triggers
[debug] [2020-04-17T08:44:50.697Z] [worker-~diagnostic~-697daffb-bf77-4e33-a753-1045ca1b3577]: BUSY
[debug] [2020-04-17T08:44:51.123Z] [runtime-status] Functions runtime initialized. {"cwd":"/Users/Kou/projects/vue-projects/restaurant_subscription/functions","node_version":"10.15.1"}
[debug] [2020-04-17T08:44:51.125Z] [runtime-status] Disabled runtime features: {"functions_config_helper":true,"network_filtering":true,"timeout":true,"memory_limiting":true,"admin_stubs":true} {}
[debug] [2020-04-17T08:44:51.128Z] [runtime-status] Resolved module firebase-admin {"declared":true,"installed":true,"version":"8.9.2","resolution":"/Users/Kou/projects/vue-projects/restaurant_subscription/functions/node_modules/firebase-admin/lib/index.js"}
[debug] [2020-04-17T08:44:51.130Z] [runtime-status] Resolved module firebase-functions {"declared":true,"installed":true,"version":"3.3.0","resolution":"/Users/Kou/projects/vue-projects/restaurant_subscription/functions/node_modules/firebase-functions/lib/index.js"}
[debug] [2020-04-17T08:44:51.130Z] [runtime-status] Resolved module firebase-functions {"declared":true,"installed":true,"version":"3.3.0","resolution":"/Users/Kou/projects/vue-projects/restaurant_subscription/functions/node_modules/firebase-functions/lib/index.js"}
[debug] [2020-04-17T08:44:51.714Z] [worker-~diagnostic~-697daffb-bf77-4e33-a753-1045ca1b3577]: exited
[debug] [2020-04-17T08:44:51.714Z] [worker-~diagnostic~-697daffb-bf77-4e33-a753-1045ca1b3577]: FINISHED
[debug] [2020-04-17T08:45:34.740Z] File /Users/Kou/projects/vue-projects/restaurant_subscription/functions/notification/index.js changed, reloading triggers
[debug] [2020-04-17T08:45:35.744Z] [worker-~diagnostic~-009b47d2-57b1-4c53-ae3c-622749699b6a]: BUSY
[debug] [2020-04-17T08:45:36.061Z] [runtime-status] Functions runtime initialized. {"cwd":"/Users/Kou/projects/vue-projects/restaurant_subscription/functions","node_version":"10.15.1"}
[debug] [2020-04-17T08:45:36.064Z] [runtime-status] Disabled runtime features: {"functions_config_helper":true,"network_filtering":true,"timeout":true,"memory_limiting":true,"admin_stubs":true} {}
[debug] [2020-04-17T08:45:36.066Z] [runtime-status] Resolved module firebase-admin {"declared":true,"installed":true,"version":"8.9.2","resolution":"/Users/Kou/projects/vue-projects/restaurant_subscription/functions/node_modules/firebase-admin/lib/index.js"}
[debug] [2020-04-17T08:45:36.067Z] [runtime-status] Resolved module firebase-functions {"declared":true,"installed":true,"version":"3.3.0","resolution":"/Users/Kou/projects/vue-projects/restaurant_subscription/functions/node_modules/firebase-functions/lib/index.js"}
[debug] [2020-04-17T08:45:36.068Z] [runtime-status] Resolved module firebase-functions {"declared":true,"installed":true,"version":"3.3.0","resolution":"/Users/Kou/projects/vue-projects/restaurant_subscription/functions/node_modules/firebase-functions/lib/index.js"}
[info] >  send body 
[info] >  
[debug] [2020-04-17T08:45:36.539Z] [worker-~diagnostic~-009b47d2-57b1-4c53-ae3c-622749699b6a]: exited
[debug] [2020-04-17T08:45:36.539Z] [worker-~diagnostic~-009b47d2-57b1-4c53-ae3c-622749699b6a]: FINISHED
[debug] [2020-04-17T08:46:48.304Z] File /Users/Kou/projects/vue-projects/restaurant_subscription/functions/notification/index.js changed, reloading triggers
[debug] [2020-04-17T08:46:49.312Z] [worker-~diagnostic~-65400397-7889-4aff-a2bd-09041d3c5855]: BUSY
[debug] [2020-04-17T08:46:49.815Z] [runtime-status] Functions runtime initialized. {"cwd":"/Users/Kou/projects/vue-projects/restaurant_subscription/functions","node_version":"10.15.1"}
[debug] [2020-04-17T08:46:49.817Z] [runtime-status] Disabled runtime features: {"functions_config_helper":true,"network_filtering":true,"timeout":true,"memory_limiting":true,"admin_stubs":true} {}
[debug] [2020-04-17T08:46:49.819Z] [runtime-status] Resolved module firebase-admin {"declared":true,"installed":true,"version":"8.9.2","resolution":"/Users/Kou/projects/vue-projects/restaurant_subscription/functions/node_modules/firebase-admin/lib/index.js"}
[debug] [2020-04-17T08:46:49.821Z] [runtime-status] Resolved module firebase-functions {"declared":true,"installed":true,"version":"3.3.0","resolution":"/Users/Kou/projects/vue-projects/restaurant_subscription/functions/node_modules/firebase-functions/lib/index.js"}
[debug] [2020-04-17T08:46:49.822Z] [runtime-status] Resolved module firebase-functions {"declared":true,"installed":true,"version":"3.3.0","resolution":"/Users/Kou/projects/vue-projects/restaurant_subscription/functions/node_modules/firebase-functions/lib/index.js"}
[info] >  send body 
[info] >  
[debug] [2020-04-17T08:46:50.436Z] [worker-~diagnostic~-65400397-7889-4aff-a2bd-09041d3c5855]: exited
[debug] [2020-04-17T08:46:50.436Z] [worker-~diagnostic~-65400397-7889-4aff-a2bd-09041d3c5855]: FINISHED
[debug] [2020-04-17T08:46:53.452Z] File /Users/Kou/projects/vue-projects/restaurant_subscription/functions/notification/index.js changed, reloading triggers
[debug] [2020-04-17T08:46:54.459Z] [worker-~diagnostic~-2d005fd1-80c0-48d3-9ecc-c4558d1ff7af]: BUSY
[debug] [2020-04-17T08:46:54.884Z] [runtime-status] Functions runtime initialized. {"cwd":"/Users/Kou/projects/vue-projects/restaurant_subscription/functions","node_version":"10.15.1"}
[debug] [2020-04-17T08:46:54.887Z] [runtime-status] Disabled runtime features: {"functions_config_helper":true,"network_filtering":true,"timeout":true,"memory_limiting":true,"admin_stubs":true} {}
[debug] [2020-04-17T08:46:54.891Z] [runtime-status] Resolved module firebase-admin {"declared":true,"installed":true,"version":"8.9.2","resolution":"/Users/Kou/projects/vue-projects/restaurant_subscription/functions/node_modules/firebase-admin/lib/index.js"}
[debug] [2020-04-17T08:46:54.892Z] [runtime-status] Resolved module firebase-functions {"declared":true,"installed":true,"version":"3.3.0","resolution":"/Users/Kou/projects/vue-projects/restaurant_subscription/functions/node_modules/firebase-functions/lib/index.js"}
[debug] [2020-04-17T08:46:54.892Z] [runtime-status] Resolved module firebase-functions {"declared":true,"installed":true,"version":"3.3.0","resolution":"/Users/Kou/projects/vue-projects/restaurant_subscription/functions/node_modules/firebase-functions/lib/index.js"}
[info] >  send body 
[info] >  
[debug] [2020-04-17T08:46:55.333Z] [worker-~diagnostic~-2d005fd1-80c0-48d3-9ecc-c4558d1ff7af]: exited
[debug] [2020-04-17T08:46:55.334Z] [worker-~diagnostic~-2d005fd1-80c0-48d3-9ecc-c4558d1ff7af]: FINISHED
[debug] [2020-04-17T08:57:48.725Z] File /Users/Kou/projects/vue-projects/restaurant_subscription/functions/notification/index.js changed, reloading triggers
[debug] [2020-04-17T08:57:49.743Z] [worker-~diagnostic~-51054983-636b-4863-a3ac-880ad965a7ad]: BUSY
[debug] [2020-04-17T08:57:50.265Z] [runtime-status] Functions runtime initialized. {"cwd":"/Users/Kou/projects/vue-projects/restaurant_subscription/functions","node_version":"10.15.1"}
[debug] [2020-04-17T08:57:50.267Z] [runtime-status] Disabled runtime features: {"functions_config_helper":true,"network_filtering":true,"timeout":true,"memory_limiting":true,"admin_stubs":true} {}
[debug] [2020-04-17T08:57:50.270Z] [runtime-status] Resolved module firebase-admin {"declared":true,"installed":true,"version":"8.9.2","resolution":"/Users/Kou/projects/vue-projects/restaurant_subscription/functions/node_modules/firebase-admin/lib/index.js"}
[debug] [2020-04-17T08:57:50.271Z] [runtime-status] Resolved module firebase-functions {"declared":true,"installed":true,"version":"3.3.0","resolution":"/Users/Kou/projects/vue-projects/restaurant_subscription/functions/node_modules/firebase-functions/lib/index.js"}
[debug] [2020-04-17T08:57:50.272Z] [runtime-status] Resolved module firebase-functions {"declared":true,"installed":true,"version":"3.3.0","resolution":"/Users/Kou/projects/vue-projects/restaurant_subscription/functions/node_modules/firebase-functions/lib/index.js"}
[info] >  send body 
[info] >  
[debug] [2020-04-17T08:57:50.938Z] [worker-~diagnostic~-51054983-636b-4863-a3ac-880ad965a7ad]: exited
[debug] [2020-04-17T08:57:50.938Z] [worker-~diagnostic~-51054983-636b-4863-a3ac-880ad965a7ad]: FINISHED
[debug] [2020-04-17T09:08:40.751Z] File /Users/Kou/projects/vue-projects/restaurant_subscription/functions/notification/index.js changed, reloading triggers
[debug] [2020-04-17T09:08:41.762Z] [worker-~diagnostic~-94bf1cef-78b8-450e-a099-c67a9423be2e]: BUSY
[debug] [2020-04-17T09:08:42.099Z] [runtime-status] Functions runtime initialized. {"cwd":"/Users/Kou/projects/vue-projects/restaurant_subscription/functions","node_version":"10.15.1"}
[debug] [2020-04-17T09:08:42.100Z] [runtime-status] Disabled runtime features: {"functions_config_helper":true,"network_filtering":true,"timeout":true,"memory_limiting":true,"admin_stubs":true} {}
[debug] [2020-04-17T09:08:42.103Z] [runtime-status] Resolved module firebase-admin {"declared":true,"installed":true,"version":"8.9.2","resolution":"/Users/Kou/projects/vue-projects/restaurant_subscription/functions/node_modules/firebase-admin/lib/index.js"}
[debug] [2020-04-17T09:08:42.105Z] [runtime-status] Resolved module firebase-functions {"declared":true,"installed":true,"version":"3.3.0","resolution":"/Users/Kou/projects/vue-projects/restaurant_subscription/functions/node_modules/firebase-functions/lib/index.js"}
[debug] [2020-04-17T09:08:42.106Z] [runtime-status] Resolved module firebase-functions {"declared":true,"installed":true,"version":"3.3.0","resolution":"/Users/Kou/projects/vue-projects/restaurant_subscription/functions/node_modules/firebase-functions/lib/index.js"}
[debug] [2020-04-17T09:08:42.527Z] [worker-~diagnostic~-94bf1cef-78b8-450e-a099-c67a9423be2e]: exited
[debug] [2020-04-17T09:08:42.527Z] [worker-~diagnostic~-94bf1cef-78b8-450e-a099-c67a9423be2e]: FINISHED
[debug] [2020-04-17T09:27:43.508Z] File /Users/Kou/projects/vue-projects/restaurant_subscription/functions/index.js changed, reloading triggers
[debug] [2020-04-17T09:27:44.523Z] [worker-~diagnostic~-a3eecdb8-0d49-4c5d-9fd3-744f59462d27]: BUSY
[debug] [2020-04-17T09:27:45.013Z] [runtime-status] Functions runtime initialized. {"cwd":"/Users/Kou/projects/vue-projects/restaurant_subscription/functions","node_version":"10.15.1"}
[debug] [2020-04-17T09:27:45.018Z] [runtime-status] Disabled runtime features: {"functions_config_helper":true,"network_filtering":true,"timeout":true,"memory_limiting":true,"admin_stubs":true} {}
[debug] [2020-04-17T09:27:45.022Z] [runtime-status] Resolved module firebase-admin {"declared":true,"installed":true,"version":"8.9.2","resolution":"/Users/Kou/projects/vue-projects/restaurant_subscription/functions/node_modules/firebase-admin/lib/index.js"}
[debug] [2020-04-17T09:27:45.023Z] [runtime-status] Resolved module firebase-functions {"declared":true,"installed":true,"version":"3.3.0","resolution":"/Users/Kou/projects/vue-projects/restaurant_subscription/functions/node_modules/firebase-functions/lib/index.js"}
[debug] [2020-04-17T09:27:45.024Z] [runtime-status] Resolved module firebase-functions {"declared":true,"installed":true,"version":"3.3.0","resolution":"/Users/Kou/projects/vue-projects/restaurant_subscription/functions/node_modules/firebase-functions/lib/index.js"}
[debug] [2020-04-17T09:27:45.703Z] [worker-~diagnostic~-a3eecdb8-0d49-4c5d-9fd3-744f59462d27]: exited
[debug] [2020-04-17T09:27:45.703Z] [worker-~diagnostic~-a3eecdb8-0d49-4c5d-9fd3-744f59462d27]: FINISHED
[debug] [2020-04-17T09:27:51.669Z] File /Users/Kou/projects/vue-projects/restaurant_subscription/functions/index.js changed, reloading triggers
[debug] [2020-04-17T09:27:52.684Z] [worker-~diagnostic~-8ccd0ec0-65a7-424d-b233-5c9eef7c02e7]: BUSY
[debug] [2020-04-17T09:27:53.055Z] [runtime-status] Functions runtime initialized. {"cwd":"/Users/Kou/projects/vue-projects/restaurant_subscription/functions","node_version":"10.15.1"}
[debug] [2020-04-17T09:27:53.059Z] [runtime-status] Disabled runtime features: {"functions_config_helper":true,"network_filtering":true,"timeout":true,"memory_limiting":true,"admin_stubs":true} {}
[debug] [2020-04-17T09:27:53.063Z] [runtime-status] Resolved module firebase-admin {"declared":true,"installed":true,"version":"8.9.2","resolution":"/Users/Kou/projects/vue-projects/restaurant_subscription/functions/node_modules/firebase-admin/lib/index.js"}
[debug] [2020-04-17T09:27:53.067Z] [runtime-status] Resolved module firebase-functions {"declared":true,"installed":true,"version":"3.3.0","resolution":"/Users/Kou/projects/vue-projects/restaurant_subscription/functions/node_modules/firebase-functions/lib/index.js"}
[debug] [2020-04-17T09:27:53.067Z] [runtime-status] Resolved module firebase-functions {"declared":true,"installed":true,"version":"3.3.0","resolution":"/Users/Kou/projects/vue-projects/restaurant_subscription/functions/node_modules/firebase-functions/lib/index.js"}
[debug] [2020-04-17T09:27:53.464Z] [worker-~diagnostic~-8ccd0ec0-65a7-424d-b233-5c9eef7c02e7]: exited
[debug] [2020-04-17T09:27:53.464Z] [worker-~diagnostic~-8ccd0ec0-65a7-424d-b233-5c9eef7c02e7]: FINISHED
[debug] [2020-04-17T09:33:07.304Z] File /Users/Kou/projects/vue-projects/restaurant_subscription/functions/index.js changed, reloading triggers
[debug] [2020-04-17T09:33:08.313Z] [worker-~diagnostic~-8a5e9a87-a61b-4a1d-8b41-a2c567662394]: BUSY
[debug] [2020-04-17T09:33:08.597Z] [runtime-status] Functions runtime initialized. {"cwd":"/Users/Kou/projects/vue-projects/restaurant_subscription/functions","node_version":"10.15.1"}
[debug] [2020-04-17T09:33:08.600Z] [runtime-status] Disabled runtime features: {"functions_config_helper":true,"network_filtering":true,"timeout":true,"memory_limiting":true,"admin_stubs":true} {}
[debug] [2020-04-17T09:33:08.602Z] [runtime-status] Resolved module firebase-admin {"declared":true,"installed":true,"version":"8.9.2","resolution":"/Users/Kou/projects/vue-projects/restaurant_subscription/functions/node_modules/firebase-admin/lib/index.js"}
[debug] [2020-04-17T09:33:08.604Z] [runtime-status] Resolved module firebase-functions {"declared":true,"installed":true,"version":"3.3.0","resolution":"/Users/Kou/projects/vue-projects/restaurant_subscription/functions/node_modules/firebase-functions/lib/index.js"}
[debug] [2020-04-17T09:33:08.604Z] [runtime-status] Resolved module firebase-functions {"declared":true,"installed":true,"version":"3.3.0","resolution":"/Users/Kou/projects/vue-projects/restaurant_subscription/functions/node_modules/firebase-functions/lib/index.js"}
[debug] [2020-04-17T09:33:08.997Z] [worker-~diagnostic~-8a5e9a87-a61b-4a1d-8b41-a2c567662394]: exited
[debug] [2020-04-17T09:33:08.997Z] [worker-~diagnostic~-8a5e9a87-a61b-4a1d-8b41-a2c567662394]: FINISHED
